<?xml version="1.0" encoding="UTF-8"?>
<!-- Generated by org.testng.reporters.JUnitReportReporter -->
<testsuite name="com.test.automation.uiAutomation.Search.TC004_Search_search" tests="1" time="48.898" ignored="0" failures="0" timestamp="27 May 2017 16:09:22 GMT" skipped="0" hostname="Vignesh-PC" errors="0">
  <testcase name="hp" time="48.898" classname="com.test.automation.uiAutomation.Search.TC004_Search_search"/>
</testsuite> <!-- com.test.automation.uiAutomation.Search.TC004_Search_search -->
