<?xml version="1.0" encoding="UTF-8"?>
<!-- Generated by org.testng.reporters.JUnitReportReporter -->
<testsuite name="com.test.automation.uiAutomation.homepage.TC001_verifylogin_withinvalidcredentials" tests="3" time="48.087" ignored="0" failures="0" timestamp="31 May 2017 08:09:20 GMT" skipped="0" hostname="Vignesh-PC" errors="0">
  <testcase name="logintest_invalid" time="16.866" classname="com.test.automation.uiAutomation.homepage.TC001_verifylogin_withinvalidcredentials"/>
  <testcase name="logintest_invalid" time="15.575" classname="com.test.automation.uiAutomation.homepage.TC001_verifylogin_withinvalidcredentials"/>
  <testcase name="logintest_invalid" time="15.646" classname="com.test.automation.uiAutomation.homepage.TC001_verifylogin_withinvalidcredentials"/>
</testsuite> <!-- com.test.automation.uiAutomation.homepage.TC001_verifylogin_withinvalidcredentials -->
