<?xml version="1.0" encoding="UTF-8"?>
<!-- Generated by org.testng.reporters.JUnitReportReporter -->
<testsuite name="com.test.automation.uiAutomation.aboutus.TC001_aboutus" tests="1" time="27.391" ignored="0" failures="0" timestamp="06 Jun 2017 07:14:13 GMT" skipped="0" hostname="Vignesh-PC" errors="0">
  <testcase name="verify_aboutus" time="27.391" classname="com.test.automation.uiAutomation.aboutus.TC001_aboutus"/>
</testsuite> <!-- com.test.automation.uiAutomation.aboutus.TC001_aboutus -->
