<?xml version="1.0" encoding="UTF-8"?>
<!-- Generated by org.testng.reporters.JUnitReportReporter -->
<testsuite name="com.test.automation.uiAutomation.homepage.TC004_homepage_search" tests="1" time="47.563" ignored="0" failures="0" timestamp="27 May 2017 15:46:56 GMT" skipped="0" hostname="Vignesh-PC" errors="0">
  <testcase name="hp" time="47.563" classname="com.test.automation.uiAutomation.homepage.TC004_homepage_search"/>
</testsuite> <!-- com.test.automation.uiAutomation.homepage.TC004_homepage_search -->
