<?xml version="1.0" encoding="UTF-8"?>
<!-- Generated by org.testng.reporters.JUnitReportReporter -->
<testsuite name="com.test.automation.uiAutomation.Search.TC001_Search_search" tests="1" time="52.465" ignored="0" failures="0" timestamp="29 May 2017 05:57:00 GMT" skipped="0" hostname="Vignesh-PC" errors="0">
  <testcase name="hp" time="52.465" classname="com.test.automation.uiAutomation.Search.TC001_Search_search"/>
</testsuite> <!-- com.test.automation.uiAutomation.Search.TC001_Search_search -->
