<?xml version="1.0" encoding="UTF-8"?>
<!-- Generated by org.testng.reporters.JUnitReportReporter -->
<testsuite name="com.test.automation.uiAutomation.homepage.TC004_homepage" tests="1" time="47.038" ignored="0" failures="0" timestamp="27 May 2017 13:57:27 GMT" skipped="0" hostname="Vignesh-PC" errors="0">
  <testcase name="hp" time="47.038" classname="com.test.automation.uiAutomation.homepage.TC004_homepage"/>
</testsuite> <!-- com.test.automation.uiAutomation.homepage.TC004_homepage -->
